#
# There is insufficient memory for the Java Runtime Environment to continue.
# Native memory allocation (mmap) failed to map 266338304 bytes for G1 virtual space
# Possible reasons:
#   The system is out of physical RAM or swap space
#   The process is running with CompressedOops enabled, and the Java Heap may be blocking the growth of the native heap
# Possible solutions:
#   Reduce memory load on the system
#   Increase physical memory or swap space
#   Check if swap backing store is full
#   Decrease Java heap size (-Xmx/-Xms)
#   Decrease number of Java threads
#   Decrease Java thread stack sizes (-Xss)
#   Set larger code cache with -XX:ReservedCodeCacheSize=
#   JVM is running with Zero Based Compressed Oops mode in which the Java heap is
#     placed in the first 32GB address space. The Java Heap base address is the
#     maximum limit for the native heap growth. Please use -XX:HeapBaseMinAddress
#     to set the Java Heap base and to place the Java Heap above 32GB virtual address.
# This output file may be truncated or incomplete.
#
#  Out of Memory Error (os_windows.cpp:3550), pid=14476, tid=1556
#
# JRE version:  (17.0.8+9) (build )
# Java VM: Java HotSpot(TM) 64-Bit Server VM (17.0.8+9-LTS-211, mixed mode, sharing, tiered, compressed oops, compressed class ptrs, g1 gc, windows-amd64)
# No core dump will be written. Minidumps are not enabled by default on client versions of Windows
#

---------------  S U M M A R Y ------------

Command Line: -XX:+ShowCodeDetailsInExceptionMessages -agentlib:jdwp=transport=dt_socket,suspend=y,address=localhost:62409 -javaagent:C:\Users\bitcamp\eclipse\jee-2023-06\eclipse\configuration\org.eclipse.osgi\430\0\.cp\lib\javaagent-shaded.jar -Dfile.encoding=UTF-8 bit701.day0904.Ex8_Book133

Host: Intel(R) Core(TM) i7-9700 CPU @ 3.00GHz, 8 cores, 15G,  Windows 11 , 64 bit Build 22621 (10.0.22621.2070)
Time: Mon Sep  4 15:36:40 2023  Windows 11 , 64 bit Build 22621 (10.0.22621.2070) elapsed time: 0.011205 seconds (0d 0h 0m 0s)

---------------  T H R E A D  ---------------

Current thread (0x0000020cf76fa070):  JavaThread "Unknown thread" [_thread_in_vm, id=1556, stack(0x00000091dc600000,0x00000091dc700000)]

Stack: [0x00000091dc600000,0x00000091dc700000]
Native frames: (J=compiled Java code, j=interpreted, Vv=VM code, C=native code)
V  [jvm.dll+0x677d0a]
V  [jvm.dll+0x7d8c54]
V  [jvm.dll+0x7da3fe]
V  [jvm.dll+0x7daa63]
V  [jvm.dll+0x245c5f]
V  [jvm.dll+0x674bb9]
V  [jvm.dll+0x6694f2]
V  [jvm.dll+0x3031d6]
V  [jvm.dll+0x30a756]
V  [jvm.dll+0x359f9e]
V  [jvm.dll+0x35a1cf]
V  [jvm.dll+0x2da3e8]
V  [jvm.dll+0x2db354]
V  [jvm.dll+0x7aa711]
V  [jvm.dll+0x367b51]
V  [jvm.dll+0x789979]
V  [jvm.dll+0x3eb05f]
V  [jvm.dll+0x3ecae1]
C  [jli.dll+0x5297]
C  [ucrtbase.dll+0x29363]
C  [KERNEL32.DLL+0x126ad]
C  [ntdll.dll+0x5aa68]


---------------  P R O C E S S  ---------------

Threads class SMR info:
_java_thread_list=0x00007ffe14e959d8, length=0, elements={
}

Java Threads: ( => current thread )

Other Threads:
  0x0000020cf7762e90 GCTaskThread "GC Thread#0" [stack: 0x00000091dc700000,0x00000091dc800000] [id=8220]
  0x0000020cf7774b60 ConcurrentGCThread "G1 Main Marker" [stack: 0x00000091dc800000,0x00000091dc900000] [id=6280]
  0x0000020cf7776480 ConcurrentGCThread "G1 Conc#0" [stack: 0x00000091dc900000,0x00000091dca00000] [id=14568]

[error occurred during error reporting (printing all threads), id 0xc0000005, EXCEPTION_ACCESS_VIOLATION (0xc0000005) at pc=0x00007ffe146cb047]

VM state: not at safepoint (not fully initialized)

VM Mutex/Monitor currently owned by a thread:  ([mutex/lock_event])
[0x0000020cf76f5060] Heap_lock - owner thread: 0x0000020cf76fa070

Heap address: 0x0000000702800000, size: 4056 MB, Compressed Oops mode: Zero based, Oop shift amount: 3

CDS archive(s) mapped at: [0x0000000000000000-0x0000000000000000-0x0000000000000000), size 0, SharedBaseAddress: 0x0000000800000000, ArchiveRelocationMode: 1.
Narrow klass base: 0x0000000000000000, Narrow klass shift: 0, Narrow klass range: 0x0

GC Precious Log:
<Empty>

Heap:
 garbage-first heap   total 0K, used 0K [0x0000000702800000, 0x0000000800000000)
  region size 2048K, 0 young (0K), 0 survivors (0K)

[error occurred during error reporting (printing heap information), id 0xc0000005, EXCEPTION_ACCESS_VIOLATION (0xc0000005) at pc=0x00007ffe14ab1499]

GC Heap History (0 events):
No events

Deoptimization events (0 events):
No events

Classes unloaded (0 events):
No events

Classes redefined (0 events):
No events

Internal exceptions (0 events):
No events

VM Operations (0 events):
No events

Events (1 events):
Event: 0.009 Loaded shared library C:\Program Files\Java\jdk-17\bin\java.dll


Dynamic libraries:
0x00007ff740470000 - 0x00007ff740480000 	C:\Program Files\Java\jdk-17\bin\javaw.exe
0x00007ffe52eb0000 - 0x00007ffe530c4000 	C:\Windows\SYSTEM32\ntdll.dll
0x00007ffe51b40000 - 0x00007ffe51c04000 	C:\Windows\System32\KERNEL32.DLL
0x00007ffe50450000 - 0x00007ffe507f4000 	C:\Windows\System32\KERNELBASE.dll
0x00007ffe50330000 - 0x00007ffe50441000 	C:\Windows\System32\ucrtbase.dll
0x00007ffe4b870000 - 0x00007ffe4b889000 	C:\Program Files\Java\jdk-17\bin\jli.dll
0x00007ffe45830000 - 0x00007ffe4584b000 	C:\Program Files\Java\jdk-17\bin\VCRUNTIME140.dll
0x00007ffe50e90000 - 0x00007ffe50f40000 	C:\Windows\System32\ADVAPI32.dll
0x00007ffe51cd0000 - 0x00007ffe51d77000 	C:\Windows\System32\msvcrt.dll
0x00007ffe51c10000 - 0x00007ffe51cb6000 	C:\Windows\System32\sechost.dll
0x00007ffe52330000 - 0x00007ffe52447000 	C:\Windows\System32\RPCRT4.dll
0x00007ffe52cc0000 - 0x00007ffe52e6a000 	C:\Windows\System32\USER32.dll
0x00007ffe50800000 - 0x00007ffe50826000 	C:\Windows\System32\win32u.dll
0x00007ffe51d80000 - 0x00007ffe51da9000 	C:\Windows\System32\GDI32.dll
0x00007ffe508b0000 - 0x00007ffe509c9000 	C:\Windows\System32\gdi32full.dll
0x00007ffe32860000 - 0x00007ffe32aef000 	C:\Windows\WinSxS\amd64_microsoft.windows.common-controls_6595b64144ccf1df_6.0.22621.2070_none_2713e6537381f706\COMCTL32.dll
0x00007ffe50290000 - 0x00007ffe5032a000 	C:\Windows\System32\msvcp_win.dll
0x00007ffe49a90000 - 0x00007ffe49a9a000 	C:\Windows\SYSTEM32\VERSION.dll
0x00007ffe51e70000 - 0x00007ffe51ea1000 	C:\Windows\System32\IMM32.DLL
0x00007ffe4d560000 - 0x00007ffe4d56c000 	C:\Program Files\Java\jdk-17\bin\vcruntime140_1.dll
0x00007ffe3fa10000 - 0x00007ffe3fa9e000 	C:\Program Files\Java\jdk-17\bin\msvcp140.dll
0x00007ffe143e0000 - 0x00007ffe14fbe000 	C:\Program Files\Java\jdk-17\bin\server\jvm.dll
0x00007ffe50c70000 - 0x00007ffe50c78000 	C:\Windows\System32\PSAPI.DLL
0x00007ffe375e0000 - 0x00007ffe37614000 	C:\Windows\SYSTEM32\WINMM.dll
0x00007ffe49d70000 - 0x00007ffe49d79000 	C:\Windows\SYSTEM32\WSOCK32.dll
0x00007ffe522b0000 - 0x00007ffe52321000 	C:\Windows\System32\WS2_32.dll
0x00007ffe4f280000 - 0x00007ffe4f298000 	C:\Windows\SYSTEM32\kernel.appcore.dll
0x00007ffe46b80000 - 0x00007ffe46b8a000 	C:\Program Files\Java\jdk-17\bin\jimage.dll
0x00007ffe35700000 - 0x00007ffe3592e000 	C:\Windows\SYSTEM32\DBGHELP.DLL
0x00007ffe50f40000 - 0x00007ffe512ca000 	C:\Windows\System32\combase.dll
0x00007ffe521d0000 - 0x00007ffe522a7000 	C:\Windows\System32\OLEAUT32.dll
0x00007ffe355c0000 - 0x00007ffe355f2000 	C:\Windows\SYSTEM32\dbgcore.DLL
0x00007ffe50830000 - 0x00007ffe508aa000 	C:\Windows\System32\bcryptPrimitives.dll
0x00007ffe41140000 - 0x00007ffe4117b000 	C:\Program Files\Java\jdk-17\bin\jdwp.dll
0x00007ffe45470000 - 0x00007ffe4547e000 	C:\Program Files\Java\jdk-17\bin\instrument.dll
0x00007ffe45500000 - 0x00007ffe45525000 	C:\Program Files\Java\jdk-17\bin\java.dll

dbghelp: loaded successfully - version: 4.0.5 - missing functions: none
symbol engine: initialized successfully - sym options: 0x614 - pdb path: .;C:\Program Files\Java\jdk-17\bin;C:\Windows\SYSTEM32;C:\Windows\WinSxS\amd64_microsoft.windows.common-controls_6595b64144ccf1df_6.0.22621.2070_none_2713e6537381f706;C:\Program Files\Java\jdk-17\bin\server

VM Arguments:
jvm_args: -XX:+ShowCodeDetailsInExceptionMessages -agentlib:jdwp=transport=dt_socket,suspend=y,address=localhost:62409 -javaagent:C:\Users\bitcamp\eclipse\jee-2023-06\eclipse\configuration\org.eclipse.osgi\430\0\.cp\lib\javaagent-shaded.jar -Dfile.encoding=UTF-8 
java_command: bit701.day0904.Ex8_Book133
java_class_path (initial): D:\naver0829\workstudy\javawork\NaverJavaProject\bin
Launcher Type: SUN_STANDARD

[Global flags]
     intx CICompilerCount                          = 4                                         {product} {ergonomic}
     uint ConcGCThreads                            = 2                                         {product} {ergonomic}
     uint G1ConcRefinementThreads                  = 8                                         {product} {ergonomic}
   size_t G1HeapRegionSize                         = 2097152                                   {product} {ergonomic}
    uintx GCDrainStackTargetSize                   = 64                                        {product} {ergonomic}
   size_t InitialHeapSize                          = 266338304                                 {product} {ergonomic}
   size_t MarkStackSize                            = 4194304                                   {product} {ergonomic}
   size_t MaxHeapSize                              = 4253024256                                {product} {ergonomic}
   size_t MinHeapDeltaBytes                        = 2097152                                   {product} {ergonomic}
   size_t MinHeapSize                              = 8388608                                   {product} {ergonomic}
    uintx NonNMethodCodeHeapSize                   = 5839372                                {pd product} {ergonomic}
    uintx NonProfiledCodeHeapSize                  = 122909434                              {pd product} {ergonomic}
    uintx ProfiledCodeHeapSize                     = 122909434                              {pd product} {ergonomic}
    uintx ReservedCodeCacheSize                    = 251658240                              {pd product} {ergonomic}
     bool SegmentedCodeCache                       = true                                      {product} {ergonomic}
     bool ShowCodeDetailsInExceptionMessages       = true                                   {manageable} {command line}
   size_t SoftMaxHeapSize                          = 4253024256                             {manageable} {ergonomic}
     bool UseCompressedClassPointers               = true                           {product lp64_product} {ergonomic}
     bool UseCompressedOops                        = true                           {product lp64_product} {ergonomic}
     bool UseG1GC                                  = true                                      {product} {ergonomic}
     bool UseLargePagesIndividualAllocation        = false                                  {pd product} {ergonomic}

Logging:
Log output configuration:
 #0: stdout all=warning uptime,level,tags
 #1: stderr all=off uptime,level,tags

Environment Variables:
PATH=C:\Program Files\Common Files\Oracle\Java\javapath;C:\Windows\system32;C:\Windows;C:\Windows\System32\Wbem;C:\Windows\System32\WindowsPowerShell\v1.0\;C:\Windows\System32\OpenSSH\;C:\Program Files\Git\cmd;C:\Users\bitcamp\AppData\Local\Microsoft\WindowsApps;;C:\Users\bitcamp\AppData\Local\Programs\Microsoft VS Code\bin
USERNAME=bitcamp
OS=Windows_NT
PROCESSOR_IDENTIFIER=Intel64 Family 6 Model 158 Stepping 13, GenuineIntel



---------------  S Y S T E M  ---------------

OS:
 Windows 11 , 64 bit Build 22621 (10.0.22621.2070)
OS uptime: 18 days 20:06 hours

CPU: total 8 (initial active 8) (8 cores per cpu, 1 threads per core) family 6 model 158 stepping 13 microcode 0xec, cx8, cmov, fxsr, mmx, 3dnowpref, sse, sse2, sse3, ssse3, sse4.1, sse4.2, popcnt, lzcnt, tsc, tscinvbit, avx, avx2, aes, erms, clmul, bmi1, bmi2, adx, fma, vzeroupper, clflush, clflushopt

Memory: 4k page, system-wide physical 16222M (2789M free)
TotalPageFile size 46624M (AvailPageFile size 107M)
current process WorkingSet (physical memory assigned to process): 11M, peak: 11M
current process commit charge ("private bytes"): 60M, peak: 314M

vm_info: Java HotSpot(TM) 64-Bit Server VM (17.0.8+9-LTS-211) for windows-amd64 JRE (17.0.8+9-LTS-211), built on Jun 14 2023 10:34:31 by "mach5one" with MS VC++ 17.1 (VS2022)

END.
